2022-07-27T11:47:09.752-03:00| authdlauncher| I005: Log for VMware Authentication Daemon Launcher pid=2545 version=15.5.6 build=build-16341506 option=Release
2022-07-27T11:47:09.752-03:00| authdlauncher| I005: The process is 64-bit.
2022-07-27T11:47:09.752-03:00| authdlauncher| I005: Host codepage=UTF-8 encoding=UTF-8
2022-07-27T11:47:09.752-03:00| authdlauncher| I005: Host is Linux 5.16.0-1-amd64 Kali GNU/Linux Rolling
2022-07-27T11:47:09.750-03:00| authdlauncher| I005: Could not expand environment variable HOME.
2022-07-27T11:47:09.750-03:00| authdlauncher| I005: Could not expand environment variable HOME.
2022-07-27T11:47:09.750-03:00| authdlauncher| I005: DictionaryLoad: Cannot open file "/usr/lib/vmware/settings": No such file or directory.
2022-07-27T11:47:09.750-03:00| authdlauncher| I005: [msg.dictionary.load.openFailed] Cannot open file "/usr/lib/vmware/settings": No such file or directory.
2022-07-27T11:47:09.750-03:00| authdlauncher| I005: PREF Optional preferences file not found at /usr/lib/vmware/settings. Using default values.
2022-07-27T11:47:09.751-03:00| authdlauncher| I005: DictionaryLoad: Cannot open file "~/.vmware/config": No such file or directory.
2022-07-27T11:47:09.751-03:00| authdlauncher| I005: [msg.dictionary.load.openFailed] Cannot open file "~/.vmware/config": No such file or directory.
2022-07-27T11:47:09.751-03:00| authdlauncher| I005: PREF Optional preferences file not found at ~/.vmware/config. Using default values.
2022-07-27T11:47:09.751-03:00| authdlauncher| I005: DictionaryLoad: Cannot open file "~/.vmware/preferences": No such file or directory.
2022-07-27T11:47:09.751-03:00| authdlauncher| I005: [msg.dictionary.load.openFailed] Cannot open file "~/.vmware/preferences": No such file or directory.
2022-07-27T11:47:09.751-03:00| authdlauncher| I005: PREF Optional preferences file not found at ~/.vmware/preferences. Using default values.
2022-07-27T11:47:09.924-03:00| authdlauncher| I005: SOCKET 1 (10) creating new listening socket on port 902
2022-07-27T11:47:09.924-03:00| authdlauncher| I005: SOCKET 1 (10) Created new IPv6 socket listener for ([::]:902)
2022-07-27T11:47:09.924-03:00| authdlauncher| I005: SOCKET 2 (11) creating new listening socket on port 902
2022-07-27T11:47:09.924-03:00| authdlauncher| I005: SOCKET 2 (11) Created new IPv4 socket listener for (0.0.0.0:902)
2022-07-27T11:47:09.924-03:00| authdlauncher| I005: listening on port 902
2022-07-27T11:47:09.924-03:00| authdlauncher| I005: launching authd at /usr/sbin/vmware-authd
2022-07-27T11:47:09.924-03:00| authdlauncher| I005: starting poll loop
